2016-11-23 14:26:17 -  - exec CUpdateClient::GetUpdatesList
2016-11-23 14:26:17 -  - exec CUpdateClient::CollectRequestData
2016-11-23 14:26:17 -  - LICENSE_KEY=X&lang=ru&SUPD_VER=16.0.12&VERSION=16.5.4&TYPENC=D&SUPD_STS=1&SUPD_URS=0&SUPD_URSA=1&SUPD_DBS=MYSQL&XE=N&CLIENT_SITE=holyday.local&CHHB=holyday.local&CSAB=127.0.0.1&CANGZIP=Y&CLIENT_PHPVER=5.5.19&stable=Y&NGINX=Y&rerere=Y&bitm_main=16.5.4&bitm_abtest=16.0.0&bitm_bitrixcloud=16.0.0&bitm_blog=16.5.4&bitm_catalog=16.5.3&bitm_clouds=16.0.1&bitm_compression=16.0.0&bitm_conversion=15.5.6&bitm_currency=16.5.0&bitm_eshopapp=15.0.0&bitm_fileman=16.5.4&bitm_form=15.0.2&bitm_forum=16.5.2&bitm_highloadblock=16.0.2&bitm_iblock=16.5.2&bitm_mobileapp=16.0.5&bitm_perfmon=16.0.0&bitm_photogallery=16.0.1&bitm_pull=16.5.1&bitm_sale=16.5.0&bitm_scale=16.0.0&bitm_search=16.0.0&bitm_security=16.0.3&bitm_sender=16.0.3&bitm_seo=16.0.3&bitm_socialservices=16.5.4&bitm_storeassist=16.0.1&bitm_subscribe=16.0.0&bitm_translate=14.5.0&bitm_vote=15.5.0&bitl_en=&bitl_ru=&bith_ru=&bith_en=&SUPD_OFC=Small&SUPD_SRS=RU&SUPD_CMP=N&SALE_15=Y
2016-11-23 14:26:17 -  - exec CUpdateClient::GetHTTPPage
2016-11-23 14:26:18 -  - TIME GetUpdatesList(request) 0.259 sec
2016-11-23 14:26:18 -  - exec CUpdateClient::ParseServerData
2017-01-26 12:54:30 -  - exec CUpdateClient::GetUpdatesList
2017-01-26 12:54:30 -  - exec CUpdateClient::CollectRequestData
2017-01-26 12:54:32 -  - LICENSE_KEY=X&lang=s1&SUPD_VER=16.0.12&VERSION=16.5.4&TYPENC=D&SUPD_STS=1&SUPD_URS=0&SUPD_URSA=2&SUPD_DBS=MYSQL&XE=N&CLIENT_SITE=bx1.stupinamm.zmly1.spectrum.myjino.ru&CHHB=bx1.stupinamm.zmly1.spectrum.myjino.ru&CSAB=81.177.165.180&CANGZIP=Y&CLIENT_PHPVER=5.6.27&stable=Y&NGINX=Y&rerere=Y&bitm_main=16.5.4&bitm_mobileapp=16.0.5&bitm_conversion=15.5.6&bitm_socialservices=16.5.4&bitm_bitrixcloud=16.0.0&bitm_security=16.0.3&bitm_catalog=16.5.3&bitm_compression=16.0.0&bitm_search=16.0.0&bitm_scale=16.0.0&bitm_vote=15.5.0&bitm_pull=16.5.1&bitm_sale=16.5.0&bitm_subscribe=16.0.0&bitm_blog=16.5.4&bitm_iblock=16.5.2&bitm_clouds=16.0.1&bitm_currency=16.5.0&bitm_forum=16.5.2&bitm_photogallery=16.0.1&bitm_eshopapp=15.0.0&bitm_abtest=16.0.0&bitm_translate=14.5.0&bitm_highloadblock=16.0.2&bitm_form=15.0.2&bitm_sender=16.0.3&bitm_perfmon=16.0.0&bitm_seo=16.0.3&bitm_storeassist=16.0.1&bitm_fileman=16.5.4&bitl_ru=&bitl_en=&bith_ru=&bith_en=&SUPD_OFC=Small&SUPD_SRS=RU&SUPD_CMP=N&SALE_15=Y
2017-01-26 12:54:32 -  - exec CUpdateClient::GetHTTPPage
2017-01-26 12:54:32 -  - TIME GetUpdatesList(request) 0.232 sec
2017-01-26 12:54:32 -  - exec CUpdateClient::ParseServerData
2017-01-29 18:02:07 - CRUPDCF1 - Run updater '/bitrix/updates/update_m1485702127/altasib.geobase/updater1.1.1.php': CopyFiles(base, modules/altasib.geobase/base)
2017-02-06 12:12:08 -  - exec CUpdateClient::GetUpdatesList
2017-02-06 12:12:08 -  - exec CUpdateClient::CollectRequestData
2017-02-06 12:12:09 -  - LICENSE_KEY=X&lang=ru&SUPD_VER=16.0.12&VERSION=16.5.4&TYPENC=D&SUPD_STS=1&SUPD_URS=0&SUPD_URSA=2&SUPD_DBS=MYSQL&XE=N&CLIENT_SITE=bx1.stupinamm.zmly1.spectrum.myjino.ru&CHHB=bx1.stupinamm.zmly1.spectrum.myjino.ru&CSAB=81.177.165.180&CANGZIP=Y&CLIENT_PHPVER=5.6.27&stable=Y&NGINX=Y&rerere=Y&bitm_main=16.5.4&bitm_mobileapp=16.0.5&bitm_conversion=15.5.6&bitm_socialservices=16.5.4&bitm_bitrixcloud=16.0.0&bitm_security=16.0.3&bitm_catalog=16.5.3&bitm_compression=16.0.0&bitm_search=16.0.0&bitm_scale=16.0.0&bitm_vote=15.5.0&bitm_pull=16.5.1&bitm_sale=16.5.0&bitm_subscribe=16.0.0&bitm_blog=16.5.4&bitm_iblock=16.5.2&bitm_clouds=16.0.1&bitm_currency=16.5.0&bitm_forum=16.5.2&bitm_photogallery=16.0.1&bitm_eshopapp=15.0.0&bitm_abtest=16.0.0&bitm_translate=14.5.0&bitm_highloadblock=16.0.2&bitm_form=15.0.2&bitm_sender=16.0.3&bitm_perfmon=16.0.0&bitm_seo=16.0.3&bitm_storeassist=16.0.1&bitm_fileman=16.5.4&bitl_ru=&bitl_en=&bith_ru=&bith_en=&SUPD_OFC=Small&SUPD_SRS=RU&SUPD_CMP=N&SALE_15=Y
2017-02-06 12:12:09 -  - exec CUpdateClient::GetHTTPPage
2017-02-06 12:12:09 -  - TIME GetUpdatesList(request) 0.203 sec
2017-02-06 12:12:09 -  - exec CUpdateClient::ParseServerData
2017-02-06 12:14:11 -  - exec CUpdateClient::GetUpdatesList
2017-02-06 12:14:11 -  - exec CUpdateClient::CollectRequestData
2017-02-06 12:14:11 -  - LICENSE_KEY=X&lang=ru&SUPD_VER=16.0.12&VERSION=16.5.4&TYPENC=D&SUPD_STS=1&SUPD_URS=0&SUPD_URSA=2&SUPD_DBS=MYSQL&XE=N&CLIENT_SITE=bx1.stupinamm.zmly1.spectrum.myjino.ru&CHHB=bx1.stupinamm.zmly1.spectrum.myjino.ru&CSAB=81.177.165.180&CANGZIP=Y&CLIENT_PHPVER=5.6.27&stable=Y&NGINX=Y&rerere=Y&bitm_main=16.5.4&bitm_mobileapp=16.0.5&bitm_conversion=15.5.6&bitm_socialservices=16.5.4&bitm_bitrixcloud=16.0.0&bitm_security=16.0.3&bitm_catalog=16.5.3&bitm_compression=16.0.0&bitm_search=16.0.0&bitm_scale=16.0.0&bitm_vote=15.5.0&bitm_pull=16.5.1&bitm_sale=16.5.0&bitm_subscribe=16.0.0&bitm_blog=16.5.4&bitm_iblock=16.5.2&bitm_clouds=16.0.1&bitm_currency=16.5.0&bitm_forum=16.5.2&bitm_photogallery=16.0.1&bitm_eshopapp=15.0.0&bitm_abtest=16.0.0&bitm_translate=14.5.0&bitm_highloadblock=16.0.2&bitm_form=15.0.2&bitm_sender=16.0.3&bitm_perfmon=16.0.0&bitm_seo=16.0.3&bitm_storeassist=16.0.1&bitm_fileman=16.5.4&bitl_ru=&bitl_en=&bith_ru=&bith_en=&SUPD_OFC=Small&SUPD_SRS=RU&SUPD_CMP=N&SALE_15=Y
2017-02-06 12:14:11 -  - exec CUpdateClient::GetHTTPPage
2017-02-06 12:14:11 -  - TIME GetUpdatesList(request) 0.195 sec
2017-02-06 12:14:11 -  - exec CUpdateClient::ParseServerData
2017-02-06 12:15:17 -  - exec CUpdateClient::ActivateCoupon
2017-02-06 12:15:17 -  - exec CUpdateClient::CollectRequestData
2017-02-06 12:15:17 -  - LICENSE_KEY=X&lang=ru&SUPD_VER=16.0.12&VERSION=16.5.4&TYPENC=D&SUPD_STS=1&SUPD_URS=0&SUPD_URSA=2&SUPD_DBS=MYSQL&XE=N&CLIENT_SITE=bx1.stupinamm.zmly1.spectrum.myjino.ru&CHHB=bx1.stupinamm.zmly1.spectrum.myjino.ru&CSAB=81.177.165.180&CANGZIP=Y&CLIENT_PHPVER=5.6.27&stable=Y&NGINX=Y&rerere=Y&bitm_main=16.5.4&bitm_mobileapp=16.0.5&bitm_conversion=15.5.6&bitm_socialservices=16.5.4&bitm_bitrixcloud=16.0.0&bitm_security=16.0.3&bitm_catalog=16.5.3&bitm_compression=16.0.0&bitm_search=16.0.0&bitm_scale=16.0.0&bitm_vote=15.5.0&bitm_pull=16.5.1&bitm_sale=16.5.0&bitm_subscribe=16.0.0&bitm_blog=16.5.4&bitm_iblock=16.5.2&bitm_clouds=16.0.1&bitm_currency=16.5.0&bitm_forum=16.5.2&bitm_photogallery=16.0.1&bitm_eshopapp=15.0.0&bitm_abtest=16.0.0&bitm_translate=14.5.0&bitm_highloadblock=16.0.2&bitm_form=15.0.2&bitm_sender=16.0.3&bitm_perfmon=16.0.0&bitm_seo=16.0.3&bitm_storeassist=16.0.1&bitm_fileman=16.5.4&bitl_ru=&bitl_en=&bith_ru=&bith_en=&SUPD_OFC=Small&SUPD_SRS=RU&SUPD_CMP=N&SALE_15=Y&coupon=S16-NA-I0QJLQYWIPNA1D5Z&query_type=coupon
2017-02-06 12:15:17 -  - exec CUpdateClient::GetHTTPPage
2017-02-06 12:15:18 -  - TIME ActivateCoupon(request) 0.223 sec
2017-02-06 12:15:18 -  - exec CUpdateClient::ParseServerData
2017-02-06 12:15:18 - AC - [CHECK_IS_BAD] Купон (чек) не действителен. 
2017-02-06 12:15:18 - UPD_ERROR - Error: [CHECK_IS_BAD] Купон (чек) не действителен. Ошибка активации купона. 
