2017-Feb-06 12:16:14 Наличие необходимых модулей php (check_php_modules): Ok
Все необходимые модули установлены
2017-Feb-06 12:16:14 Обязательные параметры PHP (check_php_settings): Ok
Настройки правильные
2017-Feb-06 12:16:14 Модули веб-сервера (check_security): Ok
Конфликтов не выявлено
2017-Feb-06 12:16:14 Значения переменных сервера (check_server_vars): Ok
Корректные
2017-Feb-06 12:16:14 Сохранение сессии (check_session): Ok
50% done
2017-Feb-06 12:16:14 Сохранение сессии (check_session): Ok
Успешно
2017-Feb-06 12:16:14 Параметры настройки UTF (mbstring и константа BX_UTF) (check_mbstring): Ok
Правильные. Сайт работает в UTF кодировке
2017-Feb-06 12:16:14 Служебные скрипты в корне сайта (check_install_scripts): Ok
Отсутствуют
2017-Feb-06 12:16:14 Работа с сокетами (check_socket): Ok
Connection to bx1.stupinamm.zmly1.spectrum.myjino.ru:80	Success

Успешно
2017-Feb-06 12:16:14 Параметры подключения к базе данных (check_dbconn_settings): Ok
Успешно
2017-Feb-06 12:16:14 Лишний вывод в файлах конфигурации (check_dbconn): Ok
Connection to bx1.stupinamm.zmly1.spectrum.myjino.ru:80	Success

Успешно
2017-Feb-06 12:16:14 Выполнение агентов на cron (check_bx_crontab): Warning
Замечание. Агенты выполняются на хитах, рекомендуется перевести выполнение агентов на cron
2017-Feb-06 12:16:14 Сохранение сессии без UserAgent (check_session_ua): Ok
50% done
Connection to bx1.stupinamm.zmly1.spectrum.myjino.ru:80	Success

2017-Feb-06 12:16:15 Сохранение сессии без UserAgent (check_session_ua): Ok
Connection to bx1.stupinamm.zmly1.spectrum.myjino.ru:80	Success

Успешно
2017-Feb-06 12:16:15 Настройки сайтов (check_sites): Ok
Правильные
2017-Feb-06 12:16:15 Передача объектов по ссылке (check_clone): Ok
Успешно
2017-Feb-06 12:16:15 Размер стека и pcre.recursion_limit (check_pcre_recursion): Ok
Connection to bx1.stupinamm.zmly1.spectrum.myjino.ru:80	Success

Успешно
2017-Feb-06 12:16:15 Вызов method_exists на строке (check_method_exists): Ok
Connection to bx1.stupinamm.zmly1.spectrum.myjino.ru:80	Success

Успешно
2017-Feb-06 12:16:15 Загрузка файла (check_upload): Ok
Connection to bx1.stupinamm.zmly1.spectrum.myjino.ru:80	Success

Успешно
2017-Feb-06 12:16:16 Загрузка файла больше 4Мб (check_upload_big): Ok
Connection to bx1.stupinamm.zmly1.spectrum.myjino.ru:80	Success

Успешно
2017-Feb-06 12:16:16 Загрузка файла через php://input (check_upload_raw): Ok
Connection to bx1.stupinamm.zmly1.spectrum.myjino.ru:80	Success

Успешно
2017-Feb-06 12:16:16 Передача POST запроса с большим числом параметров (check_post): Ok
Connection to bx1.stupinamm.zmly1.spectrum.myjino.ru:80	Success

Успешно
2017-Feb-06 12:16:16 Отправка почты (check_mail): Ok
Успешно
2017-Feb-06 12:16:16 Отправка почтового сообщения больше 64Кб (check_mail_big): Ok
Успешно
2017-Feb-06 12:16:16 Проверка на наличие неотправленных сообщений (check_mail_b_event): Ok
Успешно
2017-Feb-06 12:16:17 Внутреннее перенаправление (функция LocalRedirect) (check_localredirect): Ok
50% done
Connection to bx1.stupinamm.zmly1.spectrum.myjino.ru:80	Success

2017-Feb-06 12:16:17 Внутреннее перенаправление (функция LocalRedirect) (check_localredirect): Ok
Connection to bx1.stupinamm.zmly1.spectrum.myjino.ru:80	Success

Успешно
2017-Feb-06 12:16:17 Фактическое ограничение памяти (check_memory_limit): Ok
20% done
Connection to bx1.stupinamm.zmly1.spectrum.myjino.ru:80	Success

2017-Feb-06 12:16:17 Фактическое ограничение памяти (check_memory_limit): Ok
40% done
Connection to bx1.stupinamm.zmly1.spectrum.myjino.ru:80	Success

2017-Feb-06 12:16:17 Фактическое ограничение памяти (check_memory_limit): Ok
60% done
Connection to bx1.stupinamm.zmly1.spectrum.myjino.ru:80	Success

2017-Feb-06 12:16:17 Фактическое ограничение памяти (check_memory_limit): Ok
80% done
Connection to bx1.stupinamm.zmly1.spectrum.myjino.ru:80	Success

2017-Feb-06 12:16:17 Фактическое ограничение памяти (check_memory_limit): Ok
Connection to bx1.stupinamm.zmly1.spectrum.myjino.ru:80	Success

Не менее 256 М
2017-Feb-06 12:16:17 Работа с файлами кеша (check_cache): Ok
Успешно
2017-Feb-06 12:16:17 Доступ к серверу обновлений (check_update): Ok
Успешно
2017-Feb-06 12:16:18 HTTP авторизация (check_http_auth): Ok
Connection to bx1.stupinamm.zmly1.spectrum.myjino.ru:80	Success

Успешно
2017-Feb-06 12:16:18 Создание и запуск файла (check_exec): Ok
Connection to bx1.stupinamm.zmly1.spectrum.myjino.ru:80	Success

Успешно
2017-Feb-06 12:16:18 Функция getimagesize для swf (check_getimagesize): Ok
Успешно
2017-Feb-06 12:16:18 Версия MySQL-сервера (check_mysql_bug_version): Ok
Успешно
2017-Feb-06 12:16:19 Время на БД и веб-сервере (check_mysql_time): Ok
Успешно
2017-Feb-06 12:16:19 Режим работы MySQL (check_mysql_mode): Ok
Успешно
2017-Feb-06 12:16:19 Кодировка соединения (check_mysql_connection_charset): Ok
character_set_connection=utf8, collation_connection=utf8_unicode_ci, character_set_results=utf8
Успешно
2017-Feb-06 12:16:19 Кодировка базы данных (check_mysql_db_charset): Ok
CHARSET=utf8, COLLATION=utf8_unicode_ci
Успешно
2017-Feb-06 12:16:20 Кодировки таблиц в БД (check_mysql_table_charset): Ok
Успешно
2017-Feb-06 12:16:20 Структура базы данных (check_mysql_table_structure): Ok
0% done
2017-Feb-06 12:16:20 Структура базы данных (check_mysql_table_structure): Ok
3% done
2017-Feb-06 12:16:20 Структура базы данных (check_mysql_table_structure): Ok
6% done
2017-Feb-06 12:16:21 Структура базы данных (check_mysql_table_structure): Ok
10% done
2017-Feb-06 12:16:21 Структура базы данных (check_mysql_table_structure): Ok
13% done
2017-Feb-06 12:16:21 Структура базы данных (check_mysql_table_structure): Ok
16% done
В таблице b_catalog_store поле DATE_MODIFY "timestamp NULL DEFAULT CURRENT_TIMESTAMP on update CURRENT_TIMESTAMP" не соответствует описанию на диске "timestamp NOT NULL DEFAULT CURRENT_TIMESTAMP on update CURRENT_TIMESTAMP"
В таблице b_catalog_contractor поле DATE_MODIFY "timestamp NULL DEFAULT CURRENT_TIMESTAMP on update CURRENT_TIMESTAMP" не соответствует описанию на диске "timestamp NOT NULL DEFAULT CURRENT_TIMESTAMP on update CURRENT_TIMESTAMP"

2017-Feb-06 12:16:21 Структура базы данных (check_mysql_table_structure): Ok
20% done
2017-Feb-06 12:16:22 Структура базы данных (check_mysql_table_structure): Ok
23% done
2017-Feb-06 12:16:22 Структура базы данных (check_mysql_table_structure): Ok
26% done
2017-Feb-06 12:16:22 Структура базы данных (check_mysql_table_structure): Ok
30% done
2017-Feb-06 12:16:22 Структура базы данных (check_mysql_table_structure): Ok
33% done
2017-Feb-06 12:16:24 Структура базы данных (check_mysql_table_structure): Ok
36% done
2017-Feb-06 12:16:24 Структура базы данных (check_mysql_table_structure): Ok
40% done
2017-Feb-06 12:16:24 Структура базы данных (check_mysql_table_structure): Ok
43% done
2017-Feb-06 12:16:25 Структура базы данных (check_mysql_table_structure): Ok
46% done
2017-Feb-06 12:16:25 Структура базы данных (check_mysql_table_structure): Ok
50% done
2017-Feb-06 12:16:25 Структура базы данных (check_mysql_table_structure): Ok
53% done
2017-Feb-06 12:16:25 Структура базы данных (check_mysql_table_structure): Ok
56% done
2017-Feb-06 12:16:25 Структура базы данных (check_mysql_table_structure): Ok
60% done
2017-Feb-06 12:16:25 Структура базы данных (check_mysql_table_structure): Ok
63% done
2017-Feb-06 12:16:25 Структура базы данных (check_mysql_table_structure): Ok
66% done
2017-Feb-06 12:16:26 Структура базы данных (check_mysql_table_structure): Ok
70% done
2017-Feb-06 12:16:27 Структура базы данных (check_mysql_table_structure): Ok
73% done
В таблице b_event_message поле TIMESTAMP_X "timestamp NULL DEFAULT NULL  " не соответствует описанию на диске "timestamp NOT NULL DEFAULT CURRENT_TIMESTAMP on update CURRENT_TIMESTAMP"
В таблице b_group поле TIMESTAMP_X "timestamp NULL DEFAULT NULL  " не соответствует описанию на диске "timestamp NOT NULL DEFAULT CURRENT_TIMESTAMP on update CURRENT_TIMESTAMP"
В таблице b_user поле TIMESTAMP_X "timestamp NULL DEFAULT NULL  " не соответствует описанию на диске "timestamp NOT NULL DEFAULT CURRENT_TIMESTAMP on update CURRENT_TIMESTAMP"
В таблице b_user_field_confirm поле DATE_CHANGE "timestamp NULL DEFAULT NULL  " не соответствует описанию на диске "timestamp NOT NULL DEFAULT CURRENT_TIMESTAMP on update CURRENT_TIMESTAMP"
В таблице b_module поле DATE_ACTIVE "timestamp NULL DEFAULT NULL  " не соответствует описанию на диске "timestamp NOT NULL DEFAULT CURRENT_TIMESTAMP on update CURRENT_TIMESTAMP"
В таблице b_module_to_module поле TIMESTAMP_X "timestamp NULL DEFAULT NULL  " не соответствует описанию на диске "timestamp NOT NULL DEFAULT CURRENT_TIMESTAMP on update CURRENT_TIMESTAMP"
В таблице b_file поле TIMESTAMP_X "timestamp NULL DEFAULT NULL  " не соответствует описанию на диске "timestamp NOT NULL DEFAULT CURRENT_TIMESTAMP on update CURRENT_TIMESTAMP"
В таблице b_event_log поле TIMESTAMP_X "timestamp NULL DEFAULT NULL  " не соответствует описанию на диске "timestamp NOT NULL DEFAULT CURRENT_TIMESTAMP on update CURRENT_TIMESTAMP"
В таблице b_user_hit_auth поле TIMESTAMP_X "timestamp NULL DEFAULT NULL  " не соответствует описанию на диске "timestamp NOT NULL DEFAULT CURRENT_TIMESTAMP on update CURRENT_TIMESTAMP"

2017-Feb-06 12:16:27 Структура базы данных (check_mysql_table_structure): Ok
76% done
2017-Feb-06 12:16:27 Структура базы данных (check_mysql_table_structure): Ok
80% done
2017-Feb-06 12:16:27 Структура базы данных (check_mysql_table_structure): Ok
83% done
2017-Feb-06 12:16:28 Структура базы данных (check_mysql_table_structure): Ok
86% done
В таблице b_perf_cluster поле TIMESTAMP_X "timestamp NULL DEFAULT NULL  " не соответствует описанию на диске "timestamp NOT NULL DEFAULT CURRENT_TIMESTAMP on update CURRENT_TIMESTAMP"
В таблице b_perf_history поле TIMESTAMP_X "timestamp NULL DEFAULT NULL  " не соответствует описанию на диске "timestamp NOT NULL DEFAULT CURRENT_TIMESTAMP on update CURRENT_TIMESTAMP"

2017-Feb-06 12:16:28 Структура базы данных (check_mysql_table_structure): Ok
90% done
В таблице b_seo_sitemap поле TIMESTAMP_X "timestamp NULL DEFAULT NULL  " не соответствует описанию на диске "timestamp NOT NULL DEFAULT CURRENT_TIMESTAMP on update CURRENT_TIMESTAMP"

2017-Feb-06 12:16:28 Структура базы данных (check_mysql_table_structure): Ok
93% done
2017-Feb-06 12:16:28 Структура базы данных (check_mysql_table_structure): Ok
96% done
2017-Feb-06 12:16:28 Структура базы данных (check_mysql_table_structure): Fail
ALTER TABLE `b_catalog_store` MODIFY `DATE_MODIFY` timestamp NOT NULL DEFAULT CURRENT_TIMESTAMP on update CURRENT_TIMESTAMP;
ALTER TABLE `b_catalog_contractor` MODIFY `DATE_MODIFY` timestamp NOT NULL DEFAULT CURRENT_TIMESTAMP on update CURRENT_TIMESTAMP;
ALTER TABLE `b_event_message` MODIFY `TIMESTAMP_X` timestamp NOT NULL DEFAULT CURRENT_TIMESTAMP on update CURRENT_TIMESTAMP;
ALTER TABLE `b_group` MODIFY `TIMESTAMP_X` timestamp NOT NULL DEFAULT CURRENT_TIMESTAMP on update CURRENT_TIMESTAMP;
ALTER TABLE `b_user` MODIFY `TIMESTAMP_X` timestamp NOT NULL DEFAULT CURRENT_TIMESTAMP on update CURRENT_TIMESTAMP;
ALTER TABLE `b_user_field_confirm` MODIFY `DATE_CHANGE` timestamp NOT NULL DEFAULT CURRENT_TIMESTAMP on update CURRENT_TIMESTAMP;
ALTER TABLE `b_module` MODIFY `DATE_ACTIVE` timestamp NOT NULL DEFAULT CURRENT_TIMESTAMP on update CURRENT_TIMESTAMP;
ALTER TABLE `b_module_to_module` MODIFY `TIMESTAMP_X` timestamp NOT NULL DEFAULT CURRENT_TIMESTAMP on update CURRENT_TIMESTAMP;
ALTER TABLE `b_file` MODIFY `TIMESTAMP_X` timestamp NOT NULL DEFAULT CURRENT_TIMESTAMP on update CURRENT_TIMESTAMP;
ALTER TABLE `b_event_log` MODIFY `TIMESTAMP_X` timestamp NOT NULL DEFAULT CURRENT_TIMESTAMP on update CURRENT_TIMESTAMP;
ALTER TABLE `b_user_hit_auth` MODIFY `TIMESTAMP_X` timestamp NOT NULL DEFAULT CURRENT_TIMESTAMP on update CURRENT_TIMESTAMP;
ALTER TABLE `b_perf_cluster` MODIFY `TIMESTAMP_X` timestamp NOT NULL DEFAULT CURRENT_TIMESTAMP on update CURRENT_TIMESTAMP;
ALTER TABLE `b_perf_history` MODIFY `TIMESTAMP_X` timestamp NOT NULL DEFAULT CURRENT_TIMESTAMP on update CURRENT_TIMESTAMP;
ALTER TABLE `b_seo_sitemap` MODIFY `TIMESTAMP_X` timestamp NOT NULL DEFAULT CURRENT_TIMESTAMP on update CURRENT_TIMESTAMP;
Ошибка! Структура базы данных имеет ошибки (нет таблиц: 0, нет полей: 0, поля отличаются: 14, нет индексов: 0). Всего 14, автоматически могут быть исправлены: 14. Исправить
